{"C:\\Users\\mvbra\\Desktop\\Ativade_Avaliativa_1\\lib\\Atividade_Avaliativa_1.js": {"path":"C:\\Users\\mvbra\\Desktop\\Ativade_Avaliativa_1\\lib\\Atividade_Avaliativa_1.js","statementMap":{"0":{"start":{"line":2,"column":24},"end":{"line":6,"column":1}},"1":{"start":{"line":3,"column":4},"end":{"line":5,"column":5}},"2":{"start":{"line":4,"column":8},"end":{"line":4,"column":21}},"3":{"start":{"line":8,"column":0},"end":{"line":8,"column":35}}},"fnMap":{"0":{"name":"(anonymous_0)","decl":{"start":{"line":2,"column":24},"end":{"line":2,"column":25}},"loc":{"start":{"line":2,"column":35},"end":{"line":6,"column":1}},"line":2}},"branchMap":{"0":{"loc":{"start":{"line":3,"column":4},"end":{"line":5,"column":5}},"type":"if","locations":[{"start":{"line":3,"column":4},"end":{"line":5,"column":5}},{"start":{},"end":{}}],"line":3}},"s":{"0":1,"1":5,"2":3,"3":1},"f":{"0":5},"b":{"0":[3,2]},"_coverageSchema":"1a1c01bbd47fc00a2c39e90264f33305004495a9","hash":"fe6a7a4863081b97df9d50dacb6c160e50949e1f"}
}
